<?xml version="1.0" encoding="UTF-8"?>
<testsuite name="documents.AppTest" tests="1" skipped="0" failures="0" errors="0" timestamp="2023-10-17T00:37:22" hostname="MacBook-Pro-de-Uriel.local" time="0.007">
  <properties/>
  <testcase name="appHasAGreeting()" classname="documents.AppTest" time="0.007"/>
  <system-out><![CDATA[]]></system-out>
  <system-err><![CDATA[]]></system-err>
</testsuite>
